{"timestamp":"2025-05-07 15:11:09","level":"info","message":"Job scheduled with cron expression: * * * * * and script: worker.py"}
{"timestamp":"2025-05-07 15:12:00","level":"info","message":"Job started execution"}
{"timestamp":"2025-05-07 15:12:00","level":"info","message":"Script output: [2025-05-07 15:12:00] [INFO] [dependency_installer] Checking required dependencies..."}
{"timestamp":"2025-05-07 15:12:00","level":"info","message":"Script output: [2025-05-07 15:12:00] [INFO] [dependency_installer] Running in system Python environment, setting up virtual environment...\n[2025-05-07 15:12:00] [INFO] [dependency_installer] Creating virtual environment at /Users/mustafayigitguzel/Desktop/ProjectX/xops/src/.venv..."}
{"timestamp":"2025-05-07 15:12:01","level":"info","message":"Script output: [2025-05-07 15:12:01] [INFO] [dependency_installer] Virtual environment created successfully"}
{"timestamp":"2025-05-07 15:12:01","level":"info","message":"Script output: [2025-05-07 15:12:01] [INFO] [dependency_installer] Installing dependencies in virtual environment: aiohttp, asyncpg, propcache"}
{"timestamp":"2025-05-07 15:12:02","level":"info","message":"Script output: Collecting aiohttp"}
{"timestamp":"2025-05-07 15:12:02","level":"info","message":"Script output: Using cached aiohttp-3.11.18-cp313-cp313-macosx_11_0_arm64.whl.metadata (7.7 kB)"}
{"timestamp":"2025-05-07 15:12:02","level":"info","message":"Script output: Collecting asyncpg"}
{"timestamp":"2025-05-07 15:12:02","level":"info","message":"Script output: Using cached asyncpg-0.30.0-cp313-cp313-macosx_11_0_arm64.whl.metadata (5.0 kB)"}
{"timestamp":"2025-05-07 15:12:02","level":"info","message":"Script output: Collecting propcache"}
{"timestamp":"2025-05-07 15:12:02","level":"info","message":"Script output: Using cached propcache-0.3.1-cp313-cp313-macosx_11_0_arm64.whl.metadata (10 kB)"}
{"timestamp":"2025-05-07 15:12:02","level":"info","message":"Script output: Collecting aiohappyeyeballs>=2.3.0 (from aiohttp)"}
{"timestamp":"2025-05-07 15:12:02","level":"info","message":"Script output: Using cached aiohappyeyeballs-2.6.1-py3-none-any.whl.metadata (5.9 kB)"}
{"timestamp":"2025-05-07 15:12:02","level":"info","message":"Script output: Collecting aiosignal>=1.1.2 (from aiohttp)"}
{"timestamp":"2025-05-07 15:12:02","level":"info","message":"Script output: Using cached aiosignal-1.3.2-py2.py3-none-any.whl.metadata (3.8 kB)"}
{"timestamp":"2025-05-07 15:12:02","level":"info","message":"Script output: Collecting attrs>=17.3.0 (from aiohttp)"}
{"timestamp":"2025-05-07 15:12:02","level":"info","message":"Script output: Using cached attrs-25.3.0-py3-none-any.whl.metadata (10 kB)"}
{"timestamp":"2025-05-07 15:12:02","level":"info","message":"Script output: Collecting frozenlist>=1.1.1 (from aiohttp)"}
{"timestamp":"2025-05-07 15:12:02","level":"info","message":"Script output: Using cached frozenlist-1.6.0-cp313-cp313-macosx_11_0_arm64.whl.metadata (16 kB)"}
{"timestamp":"2025-05-07 15:12:02","level":"info","message":"Script output: Collecting multidict<7.0,>=4.5 (from aiohttp)"}
{"timestamp":"2025-05-07 15:12:02","level":"info","message":"Script output: Using cached multidict-6.4.3-cp313-cp313-macosx_11_0_arm64.whl.metadata (5.3 kB)"}
{"timestamp":"2025-05-07 15:12:03","level":"info","message":"Script output: Collecting yarl<2.0,>=1.17.0 (from aiohttp)"}
{"timestamp":"2025-05-07 15:12:03","level":"info","message":"Script output: Using cached yarl-1.20.0-cp313-cp313-macosx_11_0_arm64.whl.metadata (72 kB)"}
{"timestamp":"2025-05-07 15:12:03","level":"info","message":"Script output: Collecting idna>=2.0 (from yarl<2.0,>=1.17.0->aiohttp)"}
{"timestamp":"2025-05-07 15:12:03","level":"info","message":"Script output: Using cached idna-3.10-py3-none-any.whl.metadata (10 kB)"}
{"timestamp":"2025-05-07 15:12:03","level":"info","message":"Script output: Using cached aiohttp-3.11.18-cp313-cp313-macosx_11_0_arm64.whl (454 kB)"}
{"timestamp":"2025-05-07 15:12:03","level":"info","message":"Script output: Using cached asyncpg-0.30.0-cp313-cp313-macosx_11_0_arm64.whl (634 kB)"}
{"timestamp":"2025-05-07 15:12:03","level":"info","message":"Script output: Using cached propcache-0.3.1-cp313-cp313-macosx_11_0_arm64.whl (44 kB)"}
{"timestamp":"2025-05-07 15:12:03","level":"info","message":"Script output: Using cached aiohappyeyeballs-2.6.1-py3-none-any.whl (15 kB)"}
{"timestamp":"2025-05-07 15:12:03","level":"info","message":"Script output: Using cached aiosignal-1.3.2-py2.py3-none-any.whl (7.6 kB)"}
{"timestamp":"2025-05-07 15:12:03","level":"info","message":"Script output: Using cached attrs-25.3.0-py3-none-any.whl (63 kB)"}
{"timestamp":"2025-05-07 15:12:03","level":"info","message":"Script output: Using cached frozenlist-1.6.0-cp313-cp313-macosx_11_0_arm64.whl (120 kB)"}
{"timestamp":"2025-05-07 15:12:03","level":"info","message":"Script output: Using cached multidict-6.4.3-cp313-cp313-macosx_11_0_arm64.whl (36 kB)"}
{"timestamp":"2025-05-07 15:12:03","level":"info","message":"Script output: Using cached yarl-1.20.0-cp313-cp313-macosx_11_0_arm64.whl (94 kB)"}
{"timestamp":"2025-05-07 15:12:03","level":"info","message":"Script output: Using cached idna-3.10-py3-none-any.whl (70 kB)"}
{"timestamp":"2025-05-07 15:12:03","level":"info","message":"Script output: Installing collected packages: propcache, multidict, idna, frozenlist, attrs, asyncpg, aiohappyeyeballs, yarl, aiosignal, aiohttp"}
{"timestamp":"2025-05-07 15:12:03","level":"info","message":"Script output: Successfully installed aiohappyeyeballs-2.6.1 aiohttp-3.11.18 aiosignal-1.3.2 asyncpg-0.30.0 attrs-25.3.0 frozenlist-1.6.0 idna-3.10 multidict-6.4.3 propcache-0.3.1 yarl-1.20.0"}
{"timestamp":"2025-05-07 15:12:03","level":"error","message":"Script error: [notice] A new release of pip is available: 25.0 -> 25.1.1\n[notice] To update, run: /Users/mustafayigitguzel/Desktop/ProjectX/xops/src/.venv/bin/python3.13 -m pip install --upgrade pip"}
{"timestamp":"2025-05-07 15:12:03","level":"info","message":"Script output: [2025-05-07 15:12:03] [INFO] [dependency_installer] All dependencies installed successfully in virtual environment\n[2025-05-07 15:12:03] [INFO] [dependency_installer] Relaunching script in virtual environment..."}
{"timestamp":"2025-05-07 15:12:04","level":"info","message":"Script output: [2025-05-07 15:12:04] [INFO] [bmc_discovery_logger] ============================== WORKER STARTING =============================="}
{"timestamp":"2025-05-07 15:12:04","level":"info","message":"Script output: [2025-05-07 15:12:04] [INFO] [bmc_discovery_logger] Script version: 1.0.2\n[2025-05-07 15:12:04] [INFO] [bmc_discovery_logger] Python version: 3.13.2 (main, Feb  4 2025, 14:51:09) [Clang 16.0.0 (clang-1600.0.26.6)]\n[2025-05-07 15:12:04] [INFO] [bmc_discovery_logger] Working directory: /Users/mustafayigitguzel/Desktop/ProjectX/xops\n[2025-05-07 15:12:04] [INFO] [bmc_discovery_logger] Running in virtual environment: True\n[2025-05-07 15:12:04] [INFO] [bmc_discovery_logger] Virtual environment path: /Users/mustafayigitguzel/Desktop/ProjectX/xops/src/.venv\n[2025-05-07 15:12:04] [INFO] [bmc_discovery_logger] Starting main event loop"}
{"timestamp":"2025-05-07 15:12:04","level":"info","message":"Script output: [2025-05-07 15:12:04] [INFO] [bmc_discovery_logger] Starting data extraction and insertion process.\n[2025-05-07 15:12:04] [INFO] [bmc_discovery_logger] Configuration: DB_HOST=192.168.60.126, DB_SCHEMA=deneme, CONCURRENCY_LIMIT=50\n[2025-05-07 15:12:04] [INFO] [bmc_discovery_logger] Establishing database connection..."}
{"timestamp":"2025-05-07 15:12:06","level":"info","message":"Script output: [2025-05-07 15:12:06] [INFO] [bmc_discovery_logger] Database connection established successfully"}
{"timestamp":"2025-05-07 15:12:06","level":"info","message":"Script output: [2025-05-07 15:12:06] [INFO] [bmc_discovery_logger] Ensuring schema deneme exists..."}
{"timestamp":"2025-05-07 15:12:06","level":"info","message":"Script output: [2025-05-07 15:12:06] [INFO] [bmc_discovery_logger] Starting Host table processing..."}
{"timestamp":"2025-05-07 15:12:06","level":"info","message":"Script output: [2025-05-07 15:12:06] [INFO] [bmc_discovery_logger] Processing node type: Host\n[2025-05-07 15:12:06] [INFO] [bmc_discovery_logger] Using columns for Host: ['id', 'key', 'uuid', 'name', 'logical_ram', 'dns_domain', '__all_ip_addrs', '__all_mac_addrs']\n[2025-05-07 15:12:06] [INFO] [bmc_discovery_logger] Fetching all nodes for node_type=Host"}
{"timestamp":"2025-05-07 15:12:06","level":"info","message":"Script output: [2025-05-07 15:12:06] [INFO] [bmc_discovery_logger] Progress: Fetched 26 Host records so far (page 1, batch size 26)"}
{"timestamp":"2025-05-07 15:12:06","level":"info","message":"Script output: [2025-05-07 15:12:06] [INFO] [bmc_discovery_logger] Completed: Fetched total 26 nodes for Host in 1 pages"}
{"timestamp":"2025-05-07 15:12:26","level":"info","message":"Script output: [2025-05-07 15:12:26] [INFO] [bmc_discovery_logger] Table ensured: deneme.host"}
{"timestamp":"2025-05-07 15:12:27","level":"info","message":"Script output: [2025-05-07 15:12:27] [INFO] [bmc_discovery_logger] Inserted 26 records into deneme.host"}
{"timestamp":"2025-05-07 15:12:27","level":"info","message":"Script output: [2025-05-07 15:12:27] [INFO] [bmc_discovery_logger] Host table created with specified columns: ['id', 'key', 'uuid', 'name', 'logical_ram', 'dns_domain', 'ipv4', 'ipv6', 'mac_addresses']"}
{"timestamp":"2025-05-07 15:12:27","level":"info","message":"Script output: [2025-05-07 15:12:27] [INFO] [bmc_discovery_logger] Node count verified for Host: 26"}
{"timestamp":"2025-05-07 15:12:27","level":"info","message":"Script output: [2025-05-07 15:12:27] [INFO] [bmc_discovery_logger] Host table populated with 26 records"}
{"timestamp":"2025-05-07 15:12:27","level":"info","message":"Script output: [2025-05-07 15:12:27] [INFO] [bmc_discovery_logger] Adding uptime and creation info to Host table..."}
{"timestamp":"2025-05-07 15:12:27","level":"info","message":"Script output: [2025-05-07 15:12:27] [INFO] [bmc_discovery_logger] Fetched 26 Host rows with uptime & creation_time info."}
{"timestamp":"2025-05-07 15:12:27","level":"info","message":"Script output: [2025-05-07 15:12:27] [INFO] [bmc_discovery_logger] Processing 26 host records for uptime and creation time."}
{"timestamp":"2025-05-07 15:12:28","level":"info","message":"Script output: [2025-05-07 15:12:28] [INFO] [bmc_discovery_logger] Updated 26 of 26 Host records with uptime_days & creation_time."}
{"timestamp":"2025-05-07 15:12:28","level":"info","message":"Script output: [2025-05-07 15:12:28] [INFO] [bmc_discovery_logger] Starting VirtualMachine table processing...\n[2025-05-07 15:12:28] [INFO] [bmc_discovery_logger] Processing node type: VirtualMachine\n[2025-05-07 15:12:28] [INFO] [bmc_discovery_logger] Using columns for VirtualMachine: ['id', 'key', 'uuid', 'name']\n[2025-05-07 15:12:28] [INFO] [bmc_discovery_logger] Fetching all nodes for node_type=VirtualMachine"}
{"timestamp":"2025-05-07 15:12:28","level":"info","message":"Script output: [2025-05-07 15:12:28] [INFO] [bmc_discovery_logger] Progress: Fetched 49 VirtualMachine records so far (page 1, batch size 49)"}
{"timestamp":"2025-05-07 15:12:28","level":"info","message":"Script output: [2025-05-07 15:12:28] [INFO] [bmc_discovery_logger] Completed: Fetched total 49 nodes for VirtualMachine in 1 pages"}
{"timestamp":"2025-05-07 15:13:08","level":"info","message":"Script output: [2025-05-07 15:13:08] [INFO] [bmc_discovery_logger] Table ensured: deneme.virtualmachine"}
{"timestamp":"2025-05-07 15:13:10","level":"info","message":"Script output: [2025-05-07 15:13:10] [INFO] [bmc_discovery_logger] Inserted 49 records into deneme.virtualmachine"}
{"timestamp":"2025-05-07 15:13:10","level":"info","message":"Script output: [2025-05-07 15:13:10] [INFO] [bmc_discovery_logger] VirtualMachine table created with specified columns: ['id', 'key', 'uuid', 'name']"}
{"timestamp":"2025-05-07 15:13:10","level":"info","message":"Script output: [2025-05-07 15:13:10] [INFO] [bmc_discovery_logger] Node count verified for VirtualMachine: 49"}
{"timestamp":"2025-05-07 15:13:10","level":"info","message":"Script output: [2025-05-07 15:13:10] [INFO] [bmc_discovery_logger] Starting SoftwareInstance table processing...\n[2025-05-07 15:13:10] [INFO] [bmc_discovery_logger] Processing node type: SoftwareInstance"}
{"timestamp":"2025-05-07 15:13:10","level":"info","message":"Script output: [2025-05-07 15:13:10] [INFO] [bmc_discovery_logger] Using columns for SoftwareInstance: ['id', 'key', 'name']\n[2025-05-07 15:13:10] [INFO] [bmc_discovery_logger] Fetching all nodes for node_type=SoftwareInstance"}
{"timestamp":"2025-05-07 15:13:18","level":"info","message":"Script output: [2025-05-07 15:13:18] [INFO] [bmc_discovery_logger] Progress: Fetched 146 SoftwareInstance records so far (page 2, batch size 46)"}
{"timestamp":"2025-05-07 15:13:18","level":"info","message":"Script output: [2025-05-07 15:13:18] [INFO] [bmc_discovery_logger] Completed: Fetched total 146 nodes for SoftwareInstance in 2 pages"}
{"timestamp":"2025-05-07 15:13:58","level":"info","message":"Script output: [2025-05-07 15:13:58] [INFO] [bmc_discovery_logger] Table ensured: deneme.softwareinstance"}
{"timestamp":"2025-05-07 15:14:06","level":"info","message":"Script output: [2025-05-07 15:14:06] [INFO] [bmc_discovery_logger] Inserted 146 records into deneme.softwareinstance"}
{"timestamp":"2025-05-07 15:14:06","level":"info","message":"Script output: [2025-05-07 15:14:06] [INFO] [bmc_discovery_logger] SoftwareInstance table created with specified columns: ['id', 'key', 'name']"}
{"timestamp":"2025-05-07 15:14:06","level":"info","message":"Script output: [2025-05-07 15:14:06] [INFO] [bmc_discovery_logger] Node count verified for SoftwareInstance: 146"}
{"timestamp":"2025-05-07 15:14:06","level":"info","message":"Script output: [2025-05-07 15:14:06] [INFO] [bmc_discovery_logger] Adding publisher info to SoftwareInstance table..."}
{"timestamp":"2025-05-07 15:14:06","level":"info","message":"Script output: [2025-05-07 15:14:06] [INFO] [bmc_discovery_logger] Fetched 146 SoftwareInstance rows with publisher info."}
{"timestamp":"2025-05-07 15:14:06","level":"info","message":"Script output: [2025-05-07 15:14:06] [INFO] [bmc_discovery_logger] Updated 146 of 146 SoftwareInstance records with publisher info."}
{"timestamp":"2025-05-07 15:14:06","level":"info","message":"Script output: [2025-05-07 15:14:06] [INFO] [bmc_discovery_logger] Starting relationships processing..."}
{"timestamp":"2025-05-07 15:14:06","level":"info","message":"Script output: [2025-05-07 15:14:06] [INFO] [bmc_discovery_logger] Table ensured: deneme.relationships"}
{"timestamp":"2025-05-07 15:14:06","level":"info","message":"Script output: [2025-05-07 15:14:06] [INFO] [bmc_discovery_logger] Fetching all nodes for node_type=Host"}
{"timestamp":"2025-05-07 15:14:06","level":"info","message":"Script output: [2025-05-07 15:14:06] [INFO] [bmc_discovery_logger] Progress: Fetched 26 Host records so far (page 1, batch size 26)"}
{"timestamp":"2025-05-07 15:14:06","level":"info","message":"Script output: [2025-05-07 15:14:06] [INFO] [bmc_discovery_logger] Completed: Fetched total 26 nodes for Host in 1 pages\n[2025-05-07 15:14:06] [INFO] [bmc_discovery_logger] Processing Host chunk 1/3"}
{"timestamp":"2025-05-07 15:15:17","level":"info","message":"Script output: [2025-05-07 15:15:17] [INFO] [bmc_discovery_logger] Current relationships count: 502"}
{"timestamp":"2025-05-07 15:15:17","level":"info","message":"Script output: [2025-05-07 15:15:17] [INFO] [bmc_discovery_logger] Processing Host chunk 2/3"}
{"timestamp":"2025-05-07 15:16:09","level":"info","message":"Script output: [2025-05-07 15:16:09] [INFO] [bmc_discovery_logger] Current relationships count: 502"}
{"timestamp":"2025-05-07 15:16:09","level":"info","message":"Script output: [2025-05-07 15:16:09] [INFO] [bmc_discovery_logger] Processing Host chunk 3/3"}
{"timestamp":"2025-05-07 15:16:52","level":"info","message":"Script output: [2025-05-07 15:16:52] [INFO] [bmc_discovery_logger] Current relationships count: 502"}
{"timestamp":"2025-05-07 15:16:52","level":"info","message":"Script output: [2025-05-07 15:16:52] [INFO] [bmc_discovery_logger] Fetching all nodes for node_type=VirtualMachine"}
{"timestamp":"2025-05-07 15:16:52","level":"info","message":"Script output: [2025-05-07 15:16:52] [INFO] [bmc_discovery_logger] Progress: Fetched 49 VirtualMachine records so far (page 1, batch size 49)"}
{"timestamp":"2025-05-07 15:16:52","level":"info","message":"Script output: [2025-05-07 15:16:52] [INFO] [bmc_discovery_logger] Completed: Fetched total 49 nodes for VirtualMachine in 1 pages\n[2025-05-07 15:16:52] [INFO] [bmc_discovery_logger] Processing VirtualMachine chunk 1/5"}
{"timestamp":"2025-05-07 15:17:33","level":"info","message":"Script output: [2025-05-07 15:17:33] [INFO] [bmc_discovery_logger] Current relationships count: 502"}
{"timestamp":"2025-05-07 15:17:33","level":"info","message":"Script output: [2025-05-07 15:17:33] [INFO] [bmc_discovery_logger] Processing VirtualMachine chunk 2/5"}
{"timestamp":"2025-05-07 15:19:04","level":"info","message":"Script output: [2025-05-07 15:19:04] [INFO] [bmc_discovery_logger] Current relationships count: 502"}
{"timestamp":"2025-05-07 15:19:04","level":"info","message":"Script output: [2025-05-07 15:19:04] [INFO] [bmc_discovery_logger] Processing VirtualMachine chunk 3/5"}
{"timestamp":"2025-05-07 15:19:15","level":"info","message":"Script output: [2025-05-07 15:19:15] [INFO] [bmc_discovery_logger] Current relationships count: 502"}
{"timestamp":"2025-05-07 15:19:15","level":"info","message":"Script output: [2025-05-07 15:19:15] [INFO] [bmc_discovery_logger] Processing VirtualMachine chunk 4/5"}
{"timestamp":"2025-05-07 15:19:35","level":"info","message":"Script output: [2025-05-07 15:19:35] [INFO] [bmc_discovery_logger] Current relationships count: 502"}
{"timestamp":"2025-05-07 15:19:35","level":"info","message":"Script output: [2025-05-07 15:19:35] [INFO] [bmc_discovery_logger] Processing VirtualMachine chunk 5/5"}
{"timestamp":"2025-05-07 15:19:46","level":"info","message":"Script output: [2025-05-07 15:19:46] [INFO] [bmc_discovery_logger] Current relationships count: 502"}
{"timestamp":"2025-05-07 15:19:46","level":"info","message":"Script output: [2025-05-07 15:19:46] [INFO] [bmc_discovery_logger] Fetching all nodes for node_type=SoftwareInstance"}
{"timestamp":"2025-05-07 15:19:46","level":"info","message":"Script output: [2025-05-07 15:19:46] [INFO] [bmc_discovery_logger] Progress: Fetched 146 SoftwareInstance records so far (page 2, batch size 46)"}
{"timestamp":"2025-05-07 15:19:46","level":"info","message":"Script output: [2025-05-07 15:19:46] [INFO] [bmc_discovery_logger] Completed: Fetched total 146 nodes for SoftwareInstance in 2 pages\n[2025-05-07 15:19:46] [INFO] [bmc_discovery_logger] Processing SoftwareInstance chunk 1/15"}
{"timestamp":"2025-05-07 15:20:28","level":"info","message":"Script output: [2025-05-07 15:20:28] [INFO] [bmc_discovery_logger] Current relationships count: 502"}
{"timestamp":"2025-05-07 15:20:28","level":"info","message":"Script output: [2025-05-07 15:20:28] [INFO] [bmc_discovery_logger] Processing SoftwareInstance chunk 2/15"}
{"timestamp":"2025-05-07 15:20:39","level":"info","message":"Script output: [2025-05-07 15:20:39] [INFO] [bmc_discovery_logger] Current relationships count: 502"}
{"timestamp":"2025-05-07 15:20:39","level":"info","message":"Script output: [2025-05-07 15:20:39] [INFO] [bmc_discovery_logger] Processing SoftwareInstance chunk 3/15"}
{"timestamp":"2025-05-07 15:20:59","level":"info","message":"Script output: [2025-05-07 15:20:59] [INFO] [bmc_discovery_logger] Current relationships count: 502"}
{"timestamp":"2025-05-07 15:20:59","level":"info","message":"Script output: [2025-05-07 15:20:59] [INFO] [bmc_discovery_logger] Processing SoftwareInstance chunk 4/15"}
{"timestamp":"2025-05-07 15:21:10","level":"info","message":"Script output: [2025-05-07 15:21:10] [INFO] [bmc_discovery_logger] Current relationships count: 502"}
{"timestamp":"2025-05-07 15:21:10","level":"info","message":"Script output: [2025-05-07 15:21:10] [INFO] [bmc_discovery_logger] Processing SoftwareInstance chunk 5/15"}
{"timestamp":"2025-05-07 15:21:21","level":"info","message":"Script output: [2025-05-07 15:21:21] [INFO] [bmc_discovery_logger] Current relationships count: 502"}
{"timestamp":"2025-05-07 15:21:21","level":"info","message":"Script output: [2025-05-07 15:21:21] [INFO] [bmc_discovery_logger] Processing SoftwareInstance chunk 6/15"}
{"timestamp":"2025-05-07 15:21:31","level":"info","message":"Script output: [2025-05-07 15:21:31] [INFO] [bmc_discovery_logger] Current relationships count: 502"}
{"timestamp":"2025-05-07 15:21:31","level":"info","message":"Script output: [2025-05-07 15:21:31] [INFO] [bmc_discovery_logger] Processing SoftwareInstance chunk 7/15"}
{"timestamp":"2025-05-07 15:21:42","level":"info","message":"Script output: [2025-05-07 15:21:42] [INFO] [bmc_discovery_logger] Current relationships count: 502"}
{"timestamp":"2025-05-07 15:21:42","level":"info","message":"Script output: [2025-05-07 15:21:42] [INFO] [bmc_discovery_logger] Processing SoftwareInstance chunk 8/15"}
{"timestamp":"2025-05-07 15:21:53","level":"info","message":"Script output: [2025-05-07 15:21:53] [INFO] [bmc_discovery_logger] Current relationships count: 502"}
{"timestamp":"2025-05-07 15:21:53","level":"info","message":"Script output: [2025-05-07 15:21:53] [INFO] [bmc_discovery_logger] Processing SoftwareInstance chunk 9/15"}
{"timestamp":"2025-05-07 15:22:03","level":"info","message":"Script output: [2025-05-07 15:22:03] [INFO] [bmc_discovery_logger] Current relationships count: 502"}
{"timestamp":"2025-05-07 15:22:03","level":"info","message":"Script output: [2025-05-07 15:22:03] [INFO] [bmc_discovery_logger] Processing SoftwareInstance chunk 10/15"}
{"timestamp":"2025-05-07 15:22:14","level":"info","message":"Script output: [2025-05-07 15:22:14] [INFO] [bmc_discovery_logger] Current relationships count: 502"}
{"timestamp":"2025-05-07 15:22:14","level":"info","message":"Script output: [2025-05-07 15:22:14] [INFO] [bmc_discovery_logger] Processing SoftwareInstance chunk 11/15"}
{"timestamp":"2025-05-07 15:22:25","level":"info","message":"Script output: [2025-05-07 15:22:25] [INFO] [bmc_discovery_logger] Current relationships count: 502"}
{"timestamp":"2025-05-07 15:22:25","level":"info","message":"Script output: [2025-05-07 15:22:25] [INFO] [bmc_discovery_logger] Processing SoftwareInstance chunk 12/15"}
{"timestamp":"2025-05-07 15:22:35","level":"info","message":"Script output: [2025-05-07 15:22:35] [INFO] [bmc_discovery_logger] Current relationships count: 502"}
{"timestamp":"2025-05-07 15:22:35","level":"info","message":"Script output: [2025-05-07 15:22:35] [INFO] [bmc_discovery_logger] Processing SoftwareInstance chunk 13/15"}
{"timestamp":"2025-05-07 15:22:45","level":"info","message":"Script output: [2025-05-07 15:22:45] [INFO] [bmc_discovery_logger] Current relationships count: 502"}
{"timestamp":"2025-05-07 15:22:45","level":"info","message":"Script output: [2025-05-07 15:22:45] [INFO] [bmc_discovery_logger] Processing SoftwareInstance chunk 14/15"}
{"timestamp":"2025-05-07 15:22:56","level":"info","message":"Script output: [2025-05-07 15:22:56] [INFO] [bmc_discovery_logger] Current relationships count: 502"}
{"timestamp":"2025-05-07 15:22:56","level":"info","message":"Script output: [2025-05-07 15:22:56] [INFO] [bmc_discovery_logger] Processing SoftwareInstance chunk 15/15"}
{"timestamp":"2025-05-07 15:23:06","level":"info","message":"Script output: [2025-05-07 15:23:06] [INFO] [bmc_discovery_logger] Current relationships count: 502"}
{"timestamp":"2025-05-07 15:23:06","level":"info","message":"Script output: [2025-05-07 15:23:06] [INFO] [bmc_discovery_logger] Processing retired hosts...\n[2025-05-07 15:23:06] [INFO] [bmc_discovery_logger] Starting process_retired_hosts function\n[2025-05-07 15:23:06] [INFO] [bmc_discovery_logger] Fetching retired hosts data\n[2025-05-07 15:23:06] [INFO] [bmc_discovery_logger] Using URL: https://192.168.60.168/api/v1.13/data/search?query=Search%20FLAGS%28include_destroyed%2C%20exclude_current%29%20Host%20show%20name%2CfriendlyTime%28destructionTime%28%23%29%29%2Ckey%2C%23id"}
{"timestamp":"2025-05-07 15:23:07","level":"info","message":"Script output: [2025-05-07 15:23:07] [INFO] [bmc_discovery_logger] API Response for retired hosts: [{'kind': 'Host', 'count': 28, 'offset': 0, 'headings': ['name', 'Function friendlyTime', 'key', '#id'], 'results': [['rbprdapp2', '2025-02-07 11:15:35 GMT', 'E31PQjh+Ghn+A4JCkvePjQ==', '61789c678b0759d066658c466e486f7374'], ['tssxdc', '2025-02-07 11:15:35 GMT', 'uSGllF61s0jV6c3OOv894A==', '61789c678b0759d066658c536e486f7374'], ['tssxtso', '2025-02-07 11:15:35 GMT', 'qiHdlZRHZbg8uG7XOjoI8g==', '61789c678b0759d066658c5e6e486f7374'], ['tssxdb1', '2025-02-07 11:15:35 GMT', 'AEwSp6c4b1bu0bW20pqsZw==', '61789c678b0759d066658c796e486f7374'], ['rbprddb2', '2025-02-07 11:15:35 GMT', 'M41CwEvf3yHQ0WfIzeHQkw==', '61789c678b0759d066658c886e486f7374'], ['tssxcusvpn1', '2025-02-07 11:15:35 GMT', 'ehtmVD9HRO3KbJ0OKXlZVQ==', '61789c678b0759d066658c976e486f7374'], ['knetprdapp1', '2025-02-07 11:15:35 GMT', 'NEcIEbr+R1ktGk8vWWirHA==', '61789c678b0759d066658d646e486f7374'], ['tssxcusvpn3', '2025-02-07 11:15:35 GMT', 'w39mxhGBrKeQImKneQqnQw==', '61789c678b0759d066658d686e486f7374'], ['knettstdb1', '2025-02-07 11:15:35 GMT', 'Jd6Q9hxIZAEvCwF6lJ1V0w==', '61789c678b0759d066658d886e486f7374'], ['tssxtssatest1', '2025-02-07 11:15:35 GMT', 'bYPo+EQdFQo+YKmOhTxO8g==', '61789c678b0759d066658eb36e486f7374'], ['diaststapp1', '2025-02-07 11:15:35 GMT', '4hgk1pBW+j3VU/QX/g3I9g==', '61789c678b0759d066658ec06e486f7374'], ['tssxbmcclient', '2025-02-06 09:09:05 GMT', 'zTIbg3FsynzXz9AF4h/KTw==', '61789c678b0759d066658ec96e486f7374'], ['itsm', '2025-02-07 11:15:35 GMT', '3Dux2k4QPXvbTMeT6BItaA==', '61789c678b0759d0666590d66e486f7374'], ['tssxcontrolm', '2025-02-07 11:15:35 GMT', 'tSDRWyLgdfOSApOF2CSD/g==', '61789c678b0759d06665b0c36e486f7374'], ['rbprdapp1', '2025-02-07 11:15:35 GMT', '1cxq8B/0MDpaAV96zNYEZg==', '61789c678b0759d06665b13c6e486f7374'], ['rbprddb1', '2025-02-07 11:15:35 GMT', '8c5PREqdzWTc24NtFlUmQg==', '61789c678b0759d06665b13d6e486f7374'], ['tssxtsa.tssx.local', '2025-02-07 11:15:35 GMT', 'YpWDnSWx3BiPnuWqYYWkvw==', '61789c678b0759d06665b5f86e486f7374'], ['tssxtsac.tssx.local', '2025-02-07 11:15:35 GMT', '0avA4PrtOuGZtdJG/zuwNA==', '61789c678b0759d06665b5fc6e486f7374'], ['rhel8.localdomain', '2025-02-07 11:15:35 GMT', 'K3qY2hTyyN3oqEgIAj8rRg==', '61789c678b0759d06665b78f6e486f7374'], ['win-5ranfc040nk', '2025-02-07 11:15:35 GMT', '7TnBJtT/bTHPyO72V2H/DQ==', '61789c678b0759d0666625066e486f7374'], ['tssxvc1.tssx.local', '2025-02-07 11:15:35 GMT', '+fDY+y5zpoLtOjwijIB6qg==', '61789c678b0759d0666646ee6e486f7374'], ['tssxesx2', '2025-02-07 11:15:35 GMT', 'aGOBAJbP5rS1tdEycZmENQ==', '61789c678b0759d0666648216e486f7374'], ['tssxesx1', '2025-02-07 11:15:35 GMT', '7fIC24FeZ/jaqlNXXlt1fA==', '61789c678b0759d06666482b6e486f7374'], ['localhost.localdomain', '2025-02-07 11:15:35 GMT', 'Rc4RCusNmQsucmZwGE1gvA==', '61789c678b0759d066668fea6e486f7374'], ['localhost.localdomain', '2025-02-07 11:15:35 GMT', 'hNWm3cwqXAxL0v7gQ0mkjQ==', '61789c678b0759d06666b5456e486f7374'], ['tssxbmcclient', '2025-02-07 10:30:23 GMT', 'zTIbg3FsynzXz9AF4h/KTw==', '6eaaa5675107804f56c620296e486f7374'], ['tssxbmcclient', '2025-02-07 12:34:59 GMT', 'zTIbg3FsynzXz9AF4h/KTw==', '6eaaa5675107804f56c6aa8e6e486f7374'], ['knetprdapp1', '2025-02-27 22:01:18 GMT', 'NEcIEbr+R1ktGk8vWWirHA==', '6eaaa5675107804f56c6e34b6e486f7374']]}]\n[2025-05-07 15:23:07] [INFO] [bmc_discovery_logger] Pagination details - next_offset: None, results_id: None"}
{"timestamp":"2025-05-07 15:23:07","level":"info","message":"Script output: [2025-05-07 15:23:07] [INFO] [bmc_discovery_logger] Completed: Fetched 28 retired hosts in 1 pages\n[2025-05-07 15:23:07] [INFO] [bmc_discovery_logger] Sample of fetched data: [['rbprdapp2', '2025-02-07 11:15:35 GMT', 'E31PQjh+Ghn+A4JCkvePjQ==', '61789c678b0759d066658c466e486f7374'], ['tssxdc', '2025-02-07 11:15:35 GMT', 'uSGllF61s0jV6c3OOv894A==', '61789c678b0759d066658c536e486f7374'], ['tssxtso', '2025-02-07 11:15:35 GMT', 'qiHdlZRHZbg8uG7XOjoI8g==', '61789c678b0759d066658c5e6e486f7374'], ['tssxdb1', '2025-02-07 11:15:35 GMT', 'AEwSp6c4b1bu0bW20pqsZw==', '61789c678b0759d066658c796e486f7374'], ['rbprddb2', '2025-02-07 11:15:35 GMT', 'M41CwEvf3yHQ0WfIzeHQkw==', '61789c678b0759d066658c886e486f7374']]\n[2025-05-07 15:23:07] [INFO] [bmc_discovery_logger] Received results type: <class 'list'>\n[2025-05-07 15:23:07] [INFO] [bmc_discovery_logger] Received results length: 28"}
{"timestamp":"2025-05-07 15:23:07","level":"info","message":"Script output: [2025-05-07 15:23:07] [INFO] [bmc_discovery_logger] Executing create table query: \n        CREATE TABLE IF NOT EXISTS deneme.retired (\n            name TEXT PRIMARY KEY,\n            friendly_time TEXT,\n            key TEXT,\n            node_id TEXT\n        );"}
{"timestamp":"2025-05-07 15:23:07","level":"info","message":"Script output: [2025-05-07 15:23:07] [INFO] [bmc_discovery_logger] Table ensured: deneme.retired"}
{"timestamp":"2025-05-07 15:23:07","level":"info","message":"Script output: [2025-05-07 15:23:07] [INFO] [bmc_discovery_logger] Table existence verification: True"}
{"timestamp":"2025-05-07 15:23:07","level":"info","message":"Script output: [2025-05-07 15:23:07] [INFO] [bmc_discovery_logger] Deduplicated 28 records to 24 unique records"}
{"timestamp":"2025-05-07 15:23:07","level":"info","message":"Script output: [2025-05-07 15:23:07] [INFO] [bmc_discovery_logger] Processed 24 retired host records (24/24 total)"}
{"timestamp":"2025-05-07 15:23:07","level":"info","message":"Script output: [2025-05-07 15:23:07] [INFO] [bmc_discovery_logger] Final retired hosts count in database: 24"}
{"timestamp":"2025-05-07 15:23:07","level":"info","message":"Script output: [2025-05-07 15:23:07] [INFO] [bmc_discovery_logger] Processed total of 24 retired host records"}
{"timestamp":"2025-05-07 15:23:07","level":"info","message":"Script output: [2025-05-07 15:23:07] [INFO] [bmc_discovery_logger] Total execution time: 00:11:02\n[2025-05-07 15:23:07] [INFO] [bmc_discovery_logger] ============================== WORKER COMPLETED =============================="}
{"timestamp":"2025-05-07 15:23:07","level":"success","message":"Script completed successfully with exit code 0"}
